<?xml version="1.0" encoding="UTF-8"?>
<!-- Generated by org.testng.reporters.JUnitXMLReporter -->
<testsuite ignored="0" hostname="DESKTOP-V5MLE2I" failures="1" tests="3" name="Listener Practice Test" time="39.508" errors="0" timestamp="2021-12-28T10:04:50 IST">
  <testcase classname="testngdiscussion.ListenersTest2" name="loginTest" time="36.352">
    <failure type="java.lang.AssertionError" message="expected [Invalid Credentiials] but found [Invalid credentials]">
      <![CDATA[java.lang.AssertionError: expected [Invalid Credentiials] but found [Invalid credentials]
at testngdiscussion.ListenersTest2.loginTest(ListenersTest2.java:42)
at java.base/java.util.ArrayList.forEach(ArrayList.java:1511)
... Removed 33 stack frames]]>
    </failure>
  </testcase> <!-- loginTest -->
  <testcase classname="testngdiscussion.ListenersTest2" name="home" time="0.001">
    <skipped/>
  </testcase> <!-- home -->
  <testcase classname="testngdiscussion.ListenersTest2" name="profile" time="0.004"/>
</testsuite> <!-- Listener Practice Test -->
