<?xml version="1.0" encoding="UTF-8"?>
<!-- Generated by org.testng.reporters.JUnitXMLReporter -->
<testsuite ignored="1" hostname="DESKTOP-V5MLE2I" failures="1" tests="1" name="Default test(failed)" time="0.107" errors="0" timestamp="2021-12-28T07:54:08 IST">
  <testcase classname="testngdiscussion.SoftAssertDisc" name="testCase2" time="0.027">
    <failure type="java.lang.AssertionError" message="The following asserts failed:
	expected [ghi] but found [abc]">
      <![CDATA[java.lang.AssertionError: The following asserts failed:
expected [ghi] but found [abc]
at testngdiscussion.SoftAssertDisc.testCase2(SoftAssertDisc.java:42)
at java.base/java.util.ArrayList.forEach(ArrayList.java:1511)
... Removed 29 stack frames]]>
    </failure>
  </testcase> <!-- testCase2 -->
  <testcase classname="testngdiscussion.SoftAssertDisc" name="testCase1" time="0.0">
    <ignored/>
  </testcase> <!-- testCase1 -->
</testsuite> <!-- Default test(failed) -->
