<?xml version="1.0" encoding="UTF-8"?>
<!-- Generated by org.testng.reporters.JUnitXMLReporter -->
<testsuite ignored="0" hostname="DESKTOP-V5MLE2I" failures="0" tests="19" name="Default test" time="2.593" errors="0" timestamp="2022-01-07T09:52:46 IST">
  <testcase classname="testngdiscussion.DPTest" name="testCase" time="0.009"/>
  <testcase classname="testngdiscussion.DPTest" name="testCase" time="0.002"/>
  <testcase classname="testngdiscussion.DPTest" name="testCase" time="0.001"/>
  <testcase classname="testngdiscussion.DPTest" name="testCase" time="0.002"/>
  <testcase classname="testngdiscussion.DPTest" name="testCase" time="0.002"/>
  <testcase classname="testngdiscussion.DPTest" name="testCase" time="0.001"/>
  <testcase classname="testngdiscussion.DPTest" name="testCase" time="0.002"/>
  <testcase classname="testngdiscussion.DPTest" name="testCase" time="0.003"/>
  <testcase classname="testngdiscussion.DPTest" name="testCase" time="0.008"/>
  <testcase classname="testngdiscussion.DPTest" name="testCase" time="0.012"/>
  <testcase classname="testngdiscussion.DPTest" name="testCase" time="0.004"/>
  <testcase classname="testngdiscussion.DPTest" name="testCase" time="0.005"/>
  <testcase classname="testngdiscussion.DPTest" name="testCase" time="0.004"/>
  <testcase classname="testngdiscussion.DPTest" name="testCase" time="0.011"/>
  <testcase classname="testngdiscussion.DPTest" name="testCase" time="0.003"/>
  <testcase classname="testngdiscussion.DPTest" name="testCase" time="0.003"/>
  <testcase classname="testngdiscussion.DPTest" name="testCase" time="0.002"/>
  <testcase classname="testngdiscussion.DPTest" name="testCase" time="0.003"/>
  <testcase classname="testngdiscussion.DPTest" name="testCase" time="0.009"/>
</testsuite> <!-- Default test -->
