<?xml version="1.0" encoding="UTF-8"?>
<!-- Generated by org.testng.reporters.JUnitXMLReporter -->
<testsuite ignored="0" hostname="DESKTOP-V5MLE2I" failures="0" tests="3" name="Default test" time="0.789" errors="0" timestamp="2021-12-19T09:27:44 IST">
  <testcase classname="testngdiscussion.TestCase" name="a" time="0.05"/>
  <testcase classname="testngdiscussion.TestCase" name="home" time="0.003"/>
  <testcase classname="testngdiscussion.TestCase" name="loginTest" time="0.002"/>
</testsuite> <!-- Default test -->
