<?xml version="1.0" encoding="UTF-8"?>
<!-- Generated by org.testng.reporters.JUnitXMLReporter -->
<testsuite ignored="1" hostname="DESKTOP-V5MLE2I" failures="0" tests="3" name="Test" time="11.609" errors="0" timestamp="2021-12-31T20:20:52 IST">
  <testcase classname="pomtest.LoginTest" name="loginToApp" time="1.767"/>
  <testcase classname="pomtest.LoginTest" name="validatePage" time="4.894"/>
  <testcase classname="pomtest.DashBoardTest" name="selectShare" time="4.345"/>
  <testcase classname="pomtest.BaseTest" name="@BeforeSuite initDriver" time="0.0">
    <ignored/>
  </testcase> <!-- @BeforeSuite initDriver -->
</testsuite> <!-- Test -->
