<?xml version="1.0" encoding="UTF-8"?>
<!-- Generated by org.testng.reporters.JUnitXMLReporter -->
<testsuite ignored="3" hostname="DESKTOP-V5MLE2I" failures="0" tests="1" name="Test" time="0.057" errors="0" timestamp="2021-12-27T09:33:26 IST">
  <testcase classname="testngdiscussion.InclusionAndExclusionTestcases" name="home" time="0.007"/>
  <testcase classname="testngdiscussion.InclusionAndExclusionTestcases" name="profile" time="0.0">
    <ignored/>
  </testcase> <!-- profile -->
  <testcase classname="testngdiscussion.InclusionAndExclusionTestcases" name="login" time="0.0">
    <ignored/>
  </testcase> <!-- login -->
  <testcase classname="testngdiscussion.InclusionAndExclusionTestcases" name="logoff" time="0.0">
    <ignored/>
  </testcase> <!-- logoff -->
</testsuite> <!-- Test -->
