<?xml version="1.0" encoding="UTF-8"?>
<!-- Generated by org.testng.reporters.JUnitXMLReporter -->
<testsuite ignored="1" hostname="DESKTOP-V5MLE2I" failures="0" tests="1" name="Default test(failed)(failed)(failed)" time="0.107" errors="0" timestamp="2021-12-28T07:56:33 IST">
  <testcase classname="testngdiscussion.SoftAssertDisc" name="testCase2" time="0.022"/>
  <testcase classname="testngdiscussion.SoftAssertDisc" name="testCase1" time="0.0">
    <ignored/>
  </testcase> <!-- testCase1 -->
</testsuite> <!-- Default test(failed)(failed)(failed) -->
