<?xml version="1.0" encoding="UTF-8"?>
<testng-results ignored="4" total="12" passed="8" failed="0" skipped="0">
  <reporter-output>
  </reporter-output>
  <suite started-at="2021-12-25T10:10:28 IST" name="Suite" finished-at="2021-12-25T10:10:28 IST" duration-ms="160">
    <groups>
      <group name="functional">
        <method signature="GroupingOfTestCases.profile()[pri:6, instance:testngdiscussion.GroupingOfTestCases@1a18644]" name="profile" class="testngdiscussion.GroupingOfTestCases"/>
        <method signature="GroupingOfTestCases2.profile()[pri:6, instance:testngdiscussion.GroupingOfTestCases2@43dac38f]" name="profile" class="testngdiscussion.GroupingOfTestCases2"/>
        <method signature="GroupingOfTestCases2.timeline()[pri:4, instance:testngdiscussion.GroupingOfTestCases2@43dac38f]" name="timeline" class="testngdiscussion.GroupingOfTestCases2"/>
        <method signature="GroupingOfTestCases2.uploadImage()[pri:5, instance:testngdiscussion.GroupingOfTestCases2@43dac38f]" name="uploadImage" class="testngdiscussion.GroupingOfTestCases2"/>
      </group> <!-- functional -->
      <group name="Sanity">
        <method signature="GroupingOfTestCases.home()[pri:5, instance:testngdiscussion.GroupingOfTestCases@1a18644]" name="home" class="testngdiscussion.GroupingOfTestCases"/>
        <method signature="GroupingOfTestCases.login()[pri:1, instance:testngdiscussion.GroupingOfTestCases@1a18644]" name="login" class="testngdiscussion.GroupingOfTestCases"/>
        <method signature="GroupingOfTestCases.logoff()[pri:4, instance:testngdiscussion.GroupingOfTestCases@1a18644]" name="logoff" class="testngdiscussion.GroupingOfTestCases"/>
        <method signature="GroupingOfTestCases2.viewProfile()[pri:2, instance:testngdiscussion.GroupingOfTestCases2@43dac38f]" name="viewProfile" class="testngdiscussion.GroupingOfTestCases2"/>
      </group> <!-- Sanity -->
    </groups>
    <test started-at="2021-12-25T10:10:28 IST" name="Test" finished-at="2021-12-25T10:10:28 IST" duration-ms="160">
      <class name="testngdiscussion.GroupingOfTestCases">
        <test-method signature="login()[pri:1, instance:testngdiscussion.GroupingOfTestCases@1a18644]" started-at="2021-12-25T10:10:28 IST" name="login" finished-at="2021-12-25T10:10:28 IST" duration-ms="17" status="PASS">
          <reporter-output>
          </reporter-output>
        </test-method> <!-- login -->
        <test-method signature="logoff()[pri:4, instance:testngdiscussion.GroupingOfTestCases@1a18644]" started-at="2021-12-25T10:10:28 IST" name="logoff" finished-at="2021-12-25T10:10:28 IST" duration-ms="2" status="PASS">
          <reporter-output>
          </reporter-output>
        </test-method> <!-- logoff -->
        <test-method signature="home()[pri:5, instance:testngdiscussion.GroupingOfTestCases@1a18644]" started-at="2021-12-25T10:10:28 IST" name="home" finished-at="2021-12-25T10:10:28 IST" duration-ms="2" status="PASS">
          <reporter-output>
          </reporter-output>
        </test-method> <!-- home -->
        <test-method signature="profile()[pri:6, instance:testngdiscussion.GroupingOfTestCases@1a18644]" started-at="2021-12-25T10:10:28 IST" name="profile" finished-at="2021-12-25T10:10:28 IST" duration-ms="2" status="PASS">
          <reporter-output>
          </reporter-output>
        </test-method> <!-- profile -->
      </class> <!-- testngdiscussion.GroupingOfTestCases -->
      <class name="testngdiscussion.GroupingOfTestCases2">
        <test-method signature="viewProfile()[pri:2, instance:testngdiscussion.GroupingOfTestCases2@43dac38f]" started-at="2021-12-25T10:10:28 IST" name="viewProfile" finished-at="2021-12-25T10:10:28 IST" duration-ms="4" status="PASS">
          <reporter-output>
          </reporter-output>
        </test-method> <!-- viewProfile -->
        <test-method signature="timeline()[pri:4, instance:testngdiscussion.GroupingOfTestCases2@43dac38f]" started-at="2021-12-25T10:10:28 IST" name="timeline" finished-at="2021-12-25T10:10:28 IST" duration-ms="1" status="PASS">
          <reporter-output>
          </reporter-output>
        </test-method> <!-- timeline -->
        <test-method signature="uploadImage()[pri:5, instance:testngdiscussion.GroupingOfTestCases2@43dac38f]" started-at="2021-12-25T10:10:28 IST" name="uploadImage" finished-at="2021-12-25T10:10:28 IST" duration-ms="6" status="PASS">
          <reporter-output>
          </reporter-output>
        </test-method> <!-- uploadImage -->
        <test-method signature="profile()[pri:6, instance:testngdiscussion.GroupingOfTestCases2@43dac38f]" started-at="2021-12-25T10:10:28 IST" name="profile" finished-at="2021-12-25T10:10:28 IST" duration-ms="2" status="PASS">
          <reporter-output>
          </reporter-output>
        </test-method> <!-- profile -->
      </class> <!-- testngdiscussion.GroupingOfTestCases2 -->
    </test> <!-- Test -->
  </suite> <!-- Suite -->
</testng-results>
